2026-01-16 14:35:53 [ERROR]: Error: Invalid email or password
    at F:\development\backend\controllers\superAdmin.controller.js:151:11 {"path":"/api/super-admin/login/superadmin","method":"POST","user":null}
2026-01-16 14:36:52 [ERROR]: Error: Invalid email or password
    at F:\development\backend\controllers\superAdmin.controller.js:142:11
    at process.processTicksAndRejections (node:internal/process/task_queues:103:5) {"path":"/api/super-admin/login/superadmin","method":"POST","user":null}
2026-01-16 14:37:32 [ERROR]: Error: Invalid email or password
    at F:\development\backend\controllers\superAdmin.controller.js:142:11
    at process.processTicksAndRejections (node:internal/process/task_queues:103:5) {"path":"/api/super-admin/login/superadmin","method":"POST","user":null}
2026-01-16 15:45:13 [ERROR]: TypeError: next is not a function
    at model.Query.<anonymous> (F:\development\backend\models\corporate.Model.js:128:3)
    at Kareem.execPre (F:\development\backend\node_modules\kareem\index.js:63:39)
    at _executePreHooks (F:\development\backend\node_modules\mongoose\lib\query.js:4681:33)
    at model.Query.exec (F:\development\backend\node_modules\mongoose\lib\query.js:4630:11)
    at process.processTicksAndRejections (node:internal/process/task_queues:103:5)
    at async F:\development\backend\controllers\corporate.controller.js:41:29 {"path":"/api/super-admin/coporate/create/corporateID","method":"POST","user":null}
2026-01-16 15:46:12 [ERROR]: TypeError: Cannot read properties of undefined (reading 'id')
    at F:\development\backend\controllers\corporate.controller.js:74:25
    at process.processTicksAndRejections (node:internal/process/task_queues:103:5) {"path":"/api/super-admin/coporate/create/corporateID","method":"POST","user":null}
2026-01-16 15:47:28 [ERROR]: TypeError: Cannot read properties of undefined (reading 'id')
    at F:\development\backend\controllers\corporate.controller.js:74:25
    at process.processTicksAndRejections (node:internal/process/task_queues:103:5) {"path":"/api/super-admin/coporate/create/corporateID","method":"POST","user":null}
2026-01-16 15:49:53 [ERROR]: Error: Not authenticated. Login required.
    at F:\development\backend\middlewares\auth.js:49:11
    at F:\development\backend\utils\asyncHandler.js:3:21
    at Layer.handleRequest (F:\development\backend\node_modules\router\lib\layer.js:152:17)
    at next (F:\development\backend\node_modules\router\lib\route.js:157:13)
    at Route.dispatch (F:\development\backend\node_modules\router\lib\route.js:117:3)
    at handle (F:\development\backend\node_modules\router\index.js:435:11)
    at Layer.handleRequest (F:\development\backend\node_modules\router\lib\layer.js:152:17)
    at F:\development\backend\node_modules\router\index.js:295:15
    at processParams (F:\development\backend\node_modules\router\index.js:582:12)
    at next (F:\development\backend\node_modules\router\index.js:291:5) {"path":"/api/super-admin/coporate/create/corporateID","method":"POST","user":null}
2026-01-16 15:51:43 [ERROR]: TypeError: next is not a function
    at model.<anonymous> (F:\development\backend\models\corporate.Model.js:97:34)
    at Kareem.execPre (F:\development\backend\node_modules\kareem\index.js:63:39)
    at model._execDocumentPreHooks (F:\development\backend\node_modules\mongoose\lib\document.js:2951:29)
    at model.$__validate (F:\development\backend\node_modules\mongoose\lib\document.js:2968:28)
    at model.validate (F:\development\backend\node_modules\mongoose\lib\document.js:2672:16)
    at model.validateBeforeSave (F:\development\backend\node_modules\mongoose\lib\plugins\validateBeforeSave.js:34:18)
    at Kareem.execPre (F:\development\backend\node_modules\kareem\index.js:63:39)
    at model._execDocumentPreHooks (F:\development\backend\node_modules\mongoose\lib\document.js:2951:29)
    at model.$__save (F:\development\backend\node_modules\mongoose\lib\model.js:369:16)
    at model.save (F:\development\backend\node_modules\mongoose\lib\model.js:609:16) {"path":"/api/super-admin/coporate/create/corporateID","method":"POST","user":"6968ff156a7f8fc7d7ba82e7"}
2026-01-16 15:54:19 [ERROR]: ValidationError: Corporate validation failed: registeredEmail: Path `registeredEmail` is required., companyName: Company name is required
    at Document.invalidate (F:\development\backend\node_modules\mongoose\lib\document.js:3379:32)
    at validatePath (F:\development\backend\node_modules\mongoose\lib\document.js:3154:13)
    at process.processTicksAndRejections (node:internal/process/task_queues:103:5)
    at async Promise.all (index 0)
    at async model.$__validate (F:\development\backend\node_modules\mongoose\lib\document.js:3095:3)
    at async model.validate (F:\development\backend\node_modules\mongoose\lib\document.js:2672:5)
    at async model.validateBeforeSave (F:\development\backend\node_modules\mongoose\lib\plugins\validateBeforeSave.js:34:7)
    at async Kareem.execPre (F:\development\backend\node_modules\kareem\index.js:65:24)
    at async model.$__save (F:\development\backend\node_modules\mongoose\lib\model.js:369:5)
    at async model.save (F:\development\backend\node_modules\mongoose\lib\model.js:609:5) {"path":"/api/super-admin/coporate/create/corporateID","method":"POST","user":"6968ff156a7f8fc7d7ba82e7"}
2026-01-16 16:16:25 [ERROR]: ReferenceError: contact is not defined
    at F:\development\backend\controllers\corporate.controller.js:36:3
    at F:\development\backend\utils\asyncHandler.js:3:21
    at Layer.handleRequest (F:\development\backend\node_modules\router\lib\layer.js:152:17)
    at next (F:\development\backend\node_modules\router\lib\route.js:157:13)
    at F:\development\backend\middlewares\auth.js:78:3
    at process.processTicksAndRejections (node:internal/process/task_queues:103:5) {"path":"/api/super-admin/coporate/create/corporateID","method":"POST","user":"6968ff156a7f8fc7d7ba82e7"}
2026-01-16 16:38:51 [ERROR]: ReferenceError: contact is not defined
    at F:\development\backend\controllers\corporate.controller.js:36:3
    at F:\development\backend\utils\asyncHandler.js:3:21
    at Layer.handleRequest (F:\development\backend\node_modules\router\lib\layer.js:152:17)
    at next (F:\development\backend\node_modules\router\lib\route.js:157:13)
    at F:\development\backend\middlewares\auth.js:78:3
    at process.processTicksAndRejections (node:internal/process/task_queues:103:5) {"path":"/api/super-admin/coporate/create/corporateID","method":"POST","user":"6968ff156a7f8fc7d7ba82e7"}
2026-01-16 16:39:33 [ERROR]: TypeError: next is not a function
    at model.Query.<anonymous> (F:\development\backend\models\corporate.Model.js:193:3)
    at Kareem.execPre (F:\development\backend\node_modules\kareem\index.js:63:39)
    at _executePreHooks (F:\development\backend\node_modules\mongoose\lib\query.js:4681:33)
    at model.Query.exec (F:\development\backend\node_modules\mongoose\lib\query.js:4630:11)
    at process.processTicksAndRejections (node:internal/process/task_queues:103:5)
    at async F:\development\backend\controllers\corporate.controller.js:40:29 {"path":"/api/super-admin/coporate/create/corporateID","method":"POST","user":"6968ff156a7f8fc7d7ba82e7"}
2026-01-16 16:40:10 [ERROR]: ReferenceError: description is not defined
    at F:\development\backend\controllers\corporate.controller.js:68:5
    at process.processTicksAndRejections (node:internal/process/task_queues:103:5) {"path":"/api/super-admin/coporate/create/corporateID","method":"POST","user":"6968ff156a7f8fc7d7ba82e7"}
2026-01-16 16:41:43 [ERROR]: ValidationError: Corporate validation failed: companyName: Company name is required
    at Document.invalidate (F:\development\backend\node_modules\mongoose\lib\document.js:3379:32)
    at validatePath (F:\development\backend\node_modules\mongoose\lib\document.js:3154:13)
    at process.processTicksAndRejections (node:internal/process/task_queues:103:5)
    at async Promise.all (index 1)
    at async model.$__validate (F:\development\backend\node_modules\mongoose\lib\document.js:3095:3)
    at async model.validate (F:\development\backend\node_modules\mongoose\lib\document.js:2672:5)
    at async model.validateBeforeSave (F:\development\backend\node_modules\mongoose\lib\plugins\validateBeforeSave.js:34:7)
    at async Kareem.execPre (F:\development\backend\node_modules\kareem\index.js:65:24)
    at async model.$__save (F:\development\backend\node_modules\mongoose\lib\model.js:369:5)
    at async model.save (F:\development\backend\node_modules\mongoose\lib\model.js:609:5) {"path":"/api/super-admin/coporate/create/corporateID","method":"POST","user":"6968ff156a7f8fc7d7ba82e7"}
2026-01-16 16:42:00 [ERROR]: Error: Corporate name is required
    at F:\development\backend\controllers\corporate.controller.js:24:11
    at F:\development\backend\utils\asyncHandler.js:3:21
    at Layer.handleRequest (F:\development\backend\node_modules\router\lib\layer.js:152:17)
    at next (F:\development\backend\node_modules\router\lib\route.js:157:13)
    at F:\development\backend\middlewares\auth.js:78:3
    at process.processTicksAndRejections (node:internal/process/task_queues:103:5) {"path":"/api/super-admin/coporate/create/corporateID","method":"POST","user":"6968ff156a7f8fc7d7ba82e7"}
2026-01-16 16:42:41 [ERROR]: ReferenceError: companyName is not defined
    at F:\development\backend\controllers\corporate.controller.js:23:3
    at F:\development\backend\utils\asyncHandler.js:3:21
    at Layer.handleRequest (F:\development\backend\node_modules\router\lib\layer.js:152:17)
    at next (F:\development\backend\node_modules\router\lib\route.js:157:13)
    at F:\development\backend\middlewares\auth.js:78:3
    at process.processTicksAndRejections (node:internal/process/task_queues:103:5) {"path":"/api/super-admin/coporate/create/corporateID","method":"POST","user":"6968ff156a7f8fc7d7ba82e7"}
2026-01-16 16:43:19 [ERROR]: ReferenceError: companyName is not defined
    at F:\development\backend\controllers\corporate.controller.js:27:23
    at F:\development\backend\utils\asyncHandler.js:3:21
    at Layer.handleRequest (F:\development\backend\node_modules\router\lib\layer.js:152:17)
    at next (F:\development\backend\node_modules\router\lib\route.js:157:13)
    at F:\development\backend\middlewares\auth.js:78:3
    at process.processTicksAndRejections (node:internal/process/task_queues:103:5) {"path":"/api/super-admin/coporate/create/corporateID","method":"POST","user":"6968ff156a7f8fc7d7ba82e7"}
2026-01-16 16:43:47 [ERROR]: ValidationError: Corporate validation failed: companyName: Company name is required
    at Document.invalidate (F:\development\backend\node_modules\mongoose\lib\document.js:3379:32)
    at validatePath (F:\development\backend\node_modules\mongoose\lib\document.js:3154:13)
    at process.processTicksAndRejections (node:internal/process/task_queues:103:5)
    at async Promise.all (index 1)
    at async model.$__validate (F:\development\backend\node_modules\mongoose\lib\document.js:3095:3)
    at async model.validate (F:\development\backend\node_modules\mongoose\lib\document.js:2672:5)
    at async model.validateBeforeSave (F:\development\backend\node_modules\mongoose\lib\plugins\validateBeforeSave.js:34:7)
    at async Kareem.execPre (F:\development\backend\node_modules\kareem\index.js:65:24)
    at async model.$__save (F:\development\backend\node_modules\mongoose\lib\model.js:369:5)
    at async model.save (F:\development\backend\node_modules\mongoose\lib\model.js:609:5) {"path":"/api/super-admin/coporate/create/corporateID","method":"POST","user":"6968ff156a7f8fc7d7ba82e7"}
2026-01-16 16:47:55 [ERROR]: Error: Not authenticated. Login required.
    at F:\development\backend\middlewares\auth.js:49:11
    at F:\development\backend\utils\asyncHandler.js:3:21
    at Layer.handleRequest (F:\development\backend\node_modules\router\lib\layer.js:152:17)
    at next (F:\development\backend\node_modules\router\lib\route.js:157:13)
    at Route.dispatch (F:\development\backend\node_modules\router\lib\route.js:117:3)
    at handle (F:\development\backend\node_modules\router\index.js:435:11)
    at Layer.handleRequest (F:\development\backend\node_modules\router\lib\layer.js:152:17)
    at F:\development\backend\node_modules\router\index.js:295:15
    at processParams (F:\development\backend\node_modules\router\index.js:582:12)
    at next (F:\development\backend\node_modules\router\index.js:291:5) {"path":"/api/super-admin/coporate/create/corporateID","method":"POST","user":null}
2026-01-16 16:48:29 [ERROR]: Error: Access denied. SUPER_ADMIN only.
    at F:\development\backend\middlewares\auth.js:65:11
    at process.processTicksAndRejections (node:internal/process/task_queues:103:5) {"path":"/api/super-admin/coporate/create/corporateID","method":"POST","user":null}
2026-01-16 17:02:44 [ERROR]: Error: Access denied. SUPER_ADMIN only.
    at F:\development\backend\middlewares\auth.js:65:11
    at process.processTicksAndRejections (node:internal/process/task_queues:103:5) {"path":"/api/super-admin/coporate/create/corporateID","method":"POST","user":null}
2026-01-17 06:01:14 [ERROR]: ReferenceError: corporate is not defined
    at F:\development\Backend\controllers\corporate.controller.js:108:18
    at process.processTicksAndRejections (node:internal/process/task_queues:103:5) {"path":"/api/super-admin/coporate/create/corporateID","method":"POST","user":"6968ff156a7f8fc7d7ba82e7"}
2026-01-18 05:50:46 [ERROR]: ReferenceError: corporateId is not defined
    at F:\development\Backend\controllers\corporate.controller.js:164:46
    at F:\development\Backend\utils\asyncHandler.js:3:21
    at Layer.handleRequest (F:\development\Backend\node_modules\router\lib\layer.js:152:17)
    at next (F:\development\Backend\node_modules\router\lib\route.js:157:13)
    at F:\development\Backend\middlewares\auth.js:78:3
    at process.processTicksAndRejections (node:internal/process/task_queues:103:5) {"path":"/api/super-admin/coporate/create/corporateLoginID","method":"POST","user":"6968ff156a7f8fc7d7ba82e7"}
2026-01-18 05:52:01 [ERROR]: Error: Not authenticated. Login required.
    at F:\development\Backend\middlewares\auth.js:49:11
    at F:\development\Backend\utils\asyncHandler.js:3:21
    at Layer.handleRequest (F:\development\Backend\node_modules\router\lib\layer.js:152:17)
    at next (F:\development\Backend\node_modules\router\lib\route.js:157:13)
    at Route.dispatch (F:\development\Backend\node_modules\router\lib\route.js:117:3)
    at handle (F:\development\Backend\node_modules\router\index.js:435:11)
    at Layer.handleRequest (F:\development\Backend\node_modules\router\lib\layer.js:152:17)
    at F:\development\Backend\node_modules\router\index.js:295:15
    at processParams (F:\development\Backend\node_modules\router\index.js:582:12)
    at next (F:\development\Backend\node_modules\router\index.js:291:5) {"path":"/api/super-admin/coporate/create/corporateLoginID","method":"POST","user":null}
2026-01-18 05:52:27 [ERROR]: CastError: Cast to ObjectId failed for value "CORP-ACMETE-B8D0E0" (type string) at path "_id" for model "CorporateID"
    at SchemaObjectId.cast (F:\development\Backend\node_modules\mongoose\lib\schema\objectId.js:253:11)
    at SchemaType.applySetters (F:\development\Backend\node_modules\mongoose\lib\schemaType.js:1280:12)
    at SchemaType.castForQuery (F:\development\Backend\node_modules\mongoose\lib\schemaType.js:1706:17)
    at cast (F:\development\Backend\node_modules\mongoose\lib\cast.js:386:32)
    at Query.cast (F:\development\Backend\node_modules\mongoose\lib\query.js:5019:12)
    at Query._castConditions (F:\development\Backend\node_modules\mongoose\lib\query.js:2374:10)
    at model.Query._findOne (F:\development\Backend\node_modules\mongoose\lib\query.js:2704:8)
    at model.Query.exec (F:\development\Backend\node_modules\mongoose\lib\query.js:4631:80)
    at process.processTicksAndRejections (node:internal/process/task_queues:103:5)
    at async F:\development\Backend\controllers\corporate.controller.js:164:21 {"path":"/api/super-admin/coporate/create/corporateLoginID","method":"POST","user":"6968ff156a7f8fc7d7ba82e7"}
2026-01-18 05:54:53 [ERROR]: CastError: Cast to ObjectId failed for value "CORP-ACMETE-B8D0E0" (type string) at path "_id" for model "CorporateID"
    at SchemaObjectId.cast (F:\development\Backend\node_modules\mongoose\lib\schema\objectId.js:253:11)
    at SchemaType.applySetters (F:\development\Backend\node_modules\mongoose\lib\schemaType.js:1280:12)
    at SchemaType.castForQuery (F:\development\Backend\node_modules\mongoose\lib\schemaType.js:1706:17)
    at cast (F:\development\Backend\node_modules\mongoose\lib\cast.js:386:32)
    at Query.cast (F:\development\Backend\node_modules\mongoose\lib\query.js:5019:12)
    at Query._castConditions (F:\development\Backend\node_modules\mongoose\lib\query.js:2374:10)
    at model.Query._findOne (F:\development\Backend\node_modules\mongoose\lib\query.js:2704:8)
    at model.Query.exec (F:\development\Backend\node_modules\mongoose\lib\query.js:4631:80)
    at process.processTicksAndRejections (node:internal/process/task_queues:103:5)
    at async F:\development\Backend\controllers\corporate.controller.js:164:21 {"path":"/api/super-admin/coporate/create/corporateLoginID","method":"POST","user":"6968ff156a7f8fc7d7ba82e7"}
2026-01-18 05:56:21 [ERROR]: ObjectParameterError: Parameter "filter" to findOne() must be an object, got "CORP-ACMETE-B8D0E0" (type string)
    at Query.findOne (F:\development\Backend\node_modules\mongoose\lib\query.js:2782:16)
    at model.findOne (F:\development\Backend\node_modules\mongoose\lib\model.js:2105:13)
    at F:\development\Backend\controllers\corporate.controller.js:164:37
    at F:\development\Backend\utils\asyncHandler.js:3:21
    at Layer.handleRequest (F:\development\Backend\node_modules\router\lib\layer.js:152:17)
    at next (F:\development\Backend\node_modules\router\lib\route.js:157:13)
    at F:\development\Backend\middlewares\auth.js:78:3
    at process.processTicksAndRejections (node:internal/process/task_queues:103:5) {"path":"/api/super-admin/coporate/create/corporateLoginID","method":"POST","user":"6968ff156a7f8fc7d7ba82e7"}
2026-01-18 05:57:26 [ERROR]: ObjectParameterError: Parameter "filter" to find() must be an object, got "CORP-ACMETE-B8D0E0" (type string)
    at Query.find (F:\development\Backend\node_modules\mongoose\lib\query.js:2491:16)
    at model.find (F:\development\Backend\node_modules\mongoose\lib\model.js:2027:13)
    at F:\development\Backend\controllers\corporate.controller.js:164:37
    at F:\development\Backend\utils\asyncHandler.js:3:21
    at Layer.handleRequest (F:\development\Backend\node_modules\router\lib\layer.js:152:17)
    at next (F:\development\Backend\node_modules\router\lib\route.js:157:13)
    at F:\development\Backend\middlewares\auth.js:78:3
    at process.processTicksAndRejections (node:internal/process/task_queues:103:5) {"path":"/api/super-admin/coporate/create/corporateLoginID","method":"POST","user":"6968ff156a7f8fc7d7ba82e7"}
2026-01-18 05:58:34 [ERROR]: Error: Missing required fields
    at F:\development\Backend\controllers\corporate.controller.js:156:11
    at F:\development\Backend\utils\asyncHandler.js:3:21
    at Layer.handleRequest (F:\development\Backend\node_modules\router\lib\layer.js:152:17)
    at next (F:\development\Backend\node_modules\router\lib\route.js:157:13)
    at F:\development\Backend\middlewares\auth.js:78:3
    at process.processTicksAndRejections (node:internal/process/task_queues:103:5) {"path":"/api/super-admin/coporate/create/corporateLoginID","method":"POST","user":"6968ff156a7f8fc7d7ba82e7"}
2026-01-18 05:59:26 [ERROR]: CastError: Cast to ObjectId failed for value "CORP-ACMETE-B8D0E0" (type string) at path "_id" for model "CorporateID"
    at SchemaObjectId.cast (F:\development\Backend\node_modules\mongoose\lib\schema\objectId.js:253:11)
    at SchemaType.applySetters (F:\development\Backend\node_modules\mongoose\lib\schemaType.js:1280:12)
    at SchemaType.castForQuery (F:\development\Backend\node_modules\mongoose\lib\schemaType.js:1706:17)
    at cast (F:\development\Backend\node_modules\mongoose\lib\cast.js:386:32)
    at Query.cast (F:\development\Backend\node_modules\mongoose\lib\query.js:5019:12)
    at Query._castConditions (F:\development\Backend\node_modules\mongoose\lib\query.js:2374:10)
    at model.Query._findOne (F:\development\Backend\node_modules\mongoose\lib\query.js:2704:8)
    at model.Query.exec (F:\development\Backend\node_modules\mongoose\lib\query.js:4631:80)
    at process.processTicksAndRejections (node:internal/process/task_queues:103:5)
    at async F:\development\Backend\controllers\corporate.controller.js:164:21 {"path":"/api/super-admin/coporate/create/corporateLoginID","method":"POST","user":"6968ff156a7f8fc7d7ba82e7"}
2026-01-18 05:59:54 [ERROR]: TypeError: next is not a function
    at model.Query.<anonymous> (F:\development\Backend\models\corporate.UserModel.js:124:3)
    at Kareem.execPre (F:\development\Backend\node_modules\kareem\index.js:63:39)
    at _executePreHooks (F:\development\Backend\node_modules\mongoose\lib\query.js:4681:33)
    at model.Query.exec (F:\development\Backend\node_modules\mongoose\lib\query.js:4630:11)
    at process.processTicksAndRejections (node:internal/process/task_queues:103:5)
    at async F:\development\Backend\controllers\corporate.controller.js:183:18 {"path":"/api/super-admin/coporate/create/corporateLoginID","method":"POST","user":"6968ff156a7f8fc7d7ba82e7"}
2026-01-18 06:00:40 [ERROR]: TypeError: next is not a function
    at model.<anonymous> (F:\development\Backend\models\corporate.UserModel.js:93:3)
    at async Kareem.execPre (F:\development\Backend\node_modules\kareem\index.js:65:24)
    at async model.$__save (F:\development\Backend\node_modules\mongoose\lib\model.js:369:5)
    at async model.save (F:\development\Backend\node_modules\mongoose\lib\model.js:609:5)
    at async F:\development\Backend\node_modules\mongoose\lib\model.js:2714:9
    at async Promise.all (index 0)
    at async model.create (F:\development\Backend\node_modules\mongoose\lib\model.js:2699:11)
    at async F:\development\Backend\controllers\corporate.controller.js:192:16 {"path":"/api/super-admin/coporate/create/corporateLoginID","method":"POST","user":"6968ff156a7f8fc7d7ba82e7"}
2026-01-18 13:48:17 [ERROR]: ReferenceError: Cannot access 'corporateCode' before initialization
    at F:\development\Backend\controllers\corporate.controller.js:168:52
    at process.processTicksAndRejections (node:internal/process/task_queues:103:5) {"path":"/api/super-admin/coporate/create/corporateLoginID","method":"POST","user":"6968ff156a7f8fc7d7ba82e7"}
2026-01-18 14:06:14 [ERROR]: ValidationError: CorporateUserID validation failed: corporateCode: Path `corporateCode` is required.
    at Document.invalidate (F:\development\Backend\node_modules\mongoose\lib\document.js:3379:32)
    at validatePath (F:\development\Backend\node_modules\mongoose\lib\document.js:3154:13)
    at process.processTicksAndRejections (node:internal/process/task_queues:103:5)
    at async Promise.all (index 0)
    at async model.$__validate (F:\development\Backend\node_modules\mongoose\lib\document.js:3095:3)
    at async model.validate (F:\development\Backend\node_modules\mongoose\lib\document.js:2672:5)
    at async model.validateBeforeSave (F:\development\Backend\node_modules\mongoose\lib\plugins\validateBeforeSave.js:34:7)
    at async Kareem.execPre (F:\development\Backend\node_modules\kareem\index.js:65:24)
    at async model.$__save (F:\development\Backend\node_modules\mongoose\lib\model.js:369:5)
    at async model.save (F:\development\Backend\node_modules\mongoose\lib\model.js:609:5) {"path":"/api/super-admin/coporate/create/corporateLoginID","method":"POST","user":"6968ff156a7f8fc7d7ba82e7"}
2026-01-19 14:29:50 [ERROR]: ValidationError: CorporateUserID validation failed: corporateCode: Path `corporateCode` is required.
    at Document.invalidate (F:\development\Backend\node_modules\mongoose\lib\document.js:3379:32)
    at validatePath (F:\development\Backend\node_modules\mongoose\lib\document.js:3154:13)
    at process.processTicksAndRejections (node:internal/process/task_queues:103:5)
    at async Promise.all (index 5)
    at async model.$__validate (F:\development\Backend\node_modules\mongoose\lib\document.js:3095:3)
    at async model.validate (F:\development\Backend\node_modules\mongoose\lib\document.js:2672:5)
    at async model.validateBeforeSave (F:\development\Backend\node_modules\mongoose\lib\plugins\validateBeforeSave.js:34:7)
    at async Kareem.execPre (F:\development\Backend\node_modules\kareem\index.js:65:24)
    at async model.$__save (F:\development\Backend\node_modules\mongoose\lib\model.js:369:5)
    at async model.save (F:\development\Backend\node_modules\mongoose\lib\model.js:609:5) {"path":"/api/super-admin/coporate/create/corporateLoginID","method":"POST","user":"6968ff156a7f8fc7d7ba82e7"}
2026-01-19 14:31:58 [ERROR]: ReferenceError: Cannot access 'corporateCode' before initialization
    at F:\development\Backend\controllers\corporate.controller.js:168:47
    at process.processTicksAndRejections (node:internal/process/task_queues:103:5) {"path":"/api/super-admin/coporate/create/corporateLoginID","method":"POST","user":"6968ff156a7f8fc7d7ba82e7"}
2026-01-19 15:05:57 [ERROR]: Error: Login ID and password are required
    at F:\development\Backend\controllers\corporateAuth.User.controller.js:31:11
    at F:\development\Backend\utils\asyncHandler.js:3:21
    at Layer.handleRequest (F:\development\Backend\node_modules\router\lib\layer.js:152:17)
    at next (F:\development\Backend\node_modules\router\lib\route.js:157:13)
    at Route.dispatch (F:\development\Backend\node_modules\router\lib\route.js:117:3)
    at handle (F:\development\Backend\node_modules\router\index.js:435:11)
    at Layer.handleRequest (F:\development\Backend\node_modules\router\lib\layer.js:152:17)
    at F:\development\Backend\node_modules\router\index.js:295:15
    at processParams (F:\development\Backend\node_modules\router\index.js:582:12)
    at next (F:\development\Backend\node_modules\router\index.js:291:5) {"path":"/api/corpo/login","method":"POST","user":null}
2026-01-19 15:06:28 [ERROR]: TypeError: next is not a function
    at model.<anonymous> (F:\development\Backend\models\corporate.UserModel.js:74:44)
    at Kareem.execPre (F:\development\Backend\node_modules\kareem\index.js:63:39)
    at async model.$__save (F:\development\Backend\node_modules\mongoose\lib\model.js:369:5)
    at async model.save (F:\development\Backend\node_modules\mongoose\lib\model.js:609:5)
    at async corporateUserSchema.methods.incrementLoginAttempts (F:\development\Backend\models\corporate.UserModel.js:141:3)
    at async F:\development\Backend\controllers\corporateAuth.User.controller.js:58:5 {"path":"/api/corpo/login","method":"POST","user":null}
2026-01-19 15:07:21 [ERROR]: Error: Invalid login credentials
    at F:\development\Backend\controllers\corporateAuth.User.controller.js:59:11
    at process.processTicksAndRejections (node:internal/process/task_queues:103:5) {"path":"/api/corpo/login","method":"POST","user":null}
2026-01-19 15:42:13 [ERROR]: Error: Invalid login credentials
    at F:\development\Backend\controllers\corporateAuth.User.controller.js:59:11
    at process.processTicksAndRejections (node:internal/process/task_queues:103:5) {"path":"/api/corpo/login","method":"POST","user":null}
2026-01-19 15:42:18 [ERROR]: Error: Invalid login credentials
    at F:\development\Backend\controllers\corporateAuth.User.controller.js:59:11
    at process.processTicksAndRejections (node:internal/process/task_queues:103:5) {"path":"/api/corpo/login","method":"POST","user":null}
2026-01-19 15:42:22 [ERROR]: Error: Invalid login credentials
    at F:\development\Backend\controllers\corporateAuth.User.controller.js:59:11
    at process.processTicksAndRejections (node:internal/process/task_queues:103:5) {"path":"/api/corpo/login","method":"POST","user":null}
2026-01-19 15:42:26 [ERROR]: Error: Invalid login credentials
    at F:\development\Backend\controllers\corporateAuth.User.controller.js:59:11
    at process.processTicksAndRejections (node:internal/process/task_queues:103:5) {"path":"/api/corpo/login","method":"POST","user":null}
2026-01-19 15:42:30 [ERROR]: Error: Invalid login credentials
    at F:\development\Backend\controllers\corporateAuth.User.controller.js:59:11
    at process.processTicksAndRejections (node:internal/process/task_queues:103:5) {"path":"/api/corpo/login","method":"POST","user":null}
2026-01-19 15:42:32 [ERROR]: Error: Account locked due to multiple failed attempts. Try again in 30 minutes.
    at F:\development\Backend\controllers\corporateAuth.User.controller.js:48:11
    at process.processTicksAndRejections (node:internal/process/task_queues:103:5) {"path":"/api/corpo/login","method":"POST","user":null}
2026-01-19 15:42:41 [ERROR]: Error: Account locked due to multiple failed attempts. Try again in 30 minutes.
    at F:\development\Backend\controllers\corporateAuth.User.controller.js:48:11
    at process.processTicksAndRejections (node:internal/process/task_queues:103:5) {"path":"/api/corpo/login","method":"POST","user":null}
2026-01-20 14:43:39 [ERROR]: Error: Invalid login credentials
    at F:\development\backend\controllers\corporateAuth.User.controller.js:59:11
    at process.processTicksAndRejections (node:internal/process/task_queues:103:5) {"path":"/api/corpo/login","method":"POST","user":null}
2026-01-20 14:44:34 [ERROR]: Error: Invalid login credentials
    at F:\development\backend\controllers\corporateAuth.User.controller.js:59:11
    at process.processTicksAndRejections (node:internal/process/task_queues:103:5) {"path":"/api/corpo/login","method":"POST","user":null}
2026-01-20 14:45:57 [ERROR]: Error: Invalid login credentials
    at F:\development\backend\controllers\corporateAuth.User.controller.js:59:11
    at process.processTicksAndRejections (node:internal/process/task_queues:103:5) {"path":"/api/corpo/login","method":"POST","user":null}
2026-01-20 14:49:07 [ERROR]: Error: Invalid login credentials
    at F:\development\backend\controllers\corporateAuth.User.controller.js:59:11
    at process.processTicksAndRejections (node:internal/process/task_queues:103:5) {"path":"/api/corpo/login","method":"POST","user":null}
2026-01-20 14:56:59 [ERROR]: Error: Not authenticated. Login required.
    at F:\development\backend\middlewares\auth.js:49:11
    at F:\development\backend\utils\asyncHandler.js:3:21
    at Layer.handleRequest (F:\development\backend\node_modules\router\lib\layer.js:152:17)
    at next (F:\development\backend\node_modules\router\lib\route.js:157:13)
    at Route.dispatch (F:\development\backend\node_modules\router\lib\route.js:117:3)
    at handle (F:\development\backend\node_modules\router\index.js:435:11)
    at Layer.handleRequest (F:\development\backend\node_modules\router\lib\layer.js:152:17)
    at F:\development\backend\node_modules\router\index.js:295:15
    at processParams (F:\development\backend\node_modules\router\index.js:582:12)
    at next (F:\development\backend\node_modules\router\index.js:291:5) {"path":"/api/super-admin/coporate/create/corporateLoginID","method":"POST","user":null}
2026-01-20 14:57:22 [ERROR]: TypeError: crypto.randomBytes is not a function
    at corporateUserSchema.statics.generateTempPassword (F:\development\backend\models\corporate.UserModel.js:100:25)
    at F:\development\backend\controllers\corporate.controller.js:188:51
    at process.processTicksAndRejections (node:internal/process/task_queues:103:5) {"path":"/api/super-admin/coporate/create/corporateLoginID","method":"POST","user":"6968ff156a7f8fc7d7ba82e7"}
2026-01-20 15:48:50 [ERROR]: Error: Invalid login credentials
    at F:\development\backend\controllers\corporateAuth.User.controller.js:67:11
    at process.processTicksAndRejections (node:internal/process/task_queues:103:5) {"path":"/api/corpo/login","method":"POST","user":null}
2026-01-20 15:50:19 [ERROR]: Error: Invalid login credentials
    at F:\development\backend\controllers\corporateAuth.User.controller.js:67:11
    at process.processTicksAndRejections (node:internal/process/task_queues:103:5) {"path":"/api/corpo/login","method":"POST","user":null}
2026-01-21 16:01:14 [ERROR]: Error: Invalid login credentials
    at F:\development\backend\controllers\corporateAuth.User.controller.js:67:11
    at process.processTicksAndRejections (node:internal/process/task_queues:103:5) {"path":"/api/corpo/login","method":"POST","user":null}
2026-01-21 16:11:30 [ERROR]: ValidationError: CorporateUserID validation failed: dateOfBirth: Path `dateOfBirth` is required.
    at Document.invalidate (F:\development\backend\node_modules\mongoose\lib\document.js:3379:32)
    at validatePath (F:\development\backend\node_modules\mongoose\lib\document.js:3154:13)
    at process.processTicksAndRejections (node:internal/process/task_queues:103:5)
    at async Promise.all (index 0)
    at async model.$__validate (F:\development\backend\node_modules\mongoose\lib\document.js:3095:3)
    at async model.validate (F:\development\backend\node_modules\mongoose\lib\document.js:2672:5)
    at async model.validateBeforeSave (F:\development\backend\node_modules\mongoose\lib\plugins\validateBeforeSave.js:34:7)
    at async Kareem.execPre (F:\development\backend\node_modules\kareem\index.js:65:24)
    at async model.$__save (F:\development\backend\node_modules\mongoose\lib\model.js:369:5)
    at async model.save (F:\development\backend\node_modules\mongoose\lib\model.js:609:5) {"path":"/api/super-admin/coporate/create/corporateLoginID","method":"POST","user":"6968ff156a7f8fc7d7ba82e7"}
2026-01-21 16:12:34 [ERROR]: ValidationError: CorporateUserID validation failed: dateOfBirth: Path `dateOfBirth` is required.
    at Document.invalidate (F:\development\backend\node_modules\mongoose\lib\document.js:3379:32)
    at validatePath (F:\development\backend\node_modules\mongoose\lib\document.js:3154:13)
    at process.processTicksAndRejections (node:internal/process/task_queues:103:5)
    at async Promise.all (index 0)
    at async model.$__validate (F:\development\backend\node_modules\mongoose\lib\document.js:3095:3)
    at async model.validate (F:\development\backend\node_modules\mongoose\lib\document.js:2672:5)
    at async model.validateBeforeSave (F:\development\backend\node_modules\mongoose\lib\plugins\validateBeforeSave.js:34:7)
    at async Kareem.execPre (F:\development\backend\node_modules\kareem\index.js:65:24)
    at async model.$__save (F:\development\backend\node_modules\mongoose\lib\model.js:369:5)
    at async model.save (F:\development\backend\node_modules\mongoose\lib\model.js:609:5) {"path":"/api/super-admin/coporate/create/corporateLoginID","method":"POST","user":"6968ff156a7f8fc7d7ba82e7"}
2026-01-21 16:14:56 [ERROR]: TypeError: Cannot read properties of undefined (reading 'replace')
    at corporateUserSchema.statics.generateTempPassword (F:\development\backend\models\corporate.UserModel.js:119:6)
    at F:\development\backend\controllers\corporate.controller.js:189:51
    at process.processTicksAndRejections (node:internal/process/task_queues:103:5) {"path":"/api/super-admin/coporate/create/corporateLoginID","method":"POST","user":"6968ff156a7f8fc7d7ba82e7"}
2026-01-21 16:17:38 [ERROR]: TypeError: Cannot read properties of undefined (reading 'replace')
    at corporateUserSchema.statics.generateTempPassword (F:\development\backend\models\corporate.UserModel.js:120:6)
    at F:\development\backend\controllers\corporate.controller.js:189:51
    at process.processTicksAndRejections (node:internal/process/task_queues:103:5) {"path":"/api/super-admin/coporate/create/corporateLoginID","method":"POST","user":"6968ff156a7f8fc7d7ba82e7"}
2026-01-21 16:19:50 [ERROR]: Error: Name is required to generate password
    at corporateUserSchema.statics.generateTempPassword (F:\development\backend\models\corporate.UserModel.js:120:11)
    at F:\development\backend\controllers\corporate.controller.js:189:51
    at process.processTicksAndRejections (node:internal/process/task_queues:103:5) {"path":"/api/super-admin/coporate/create/corporateLoginID","method":"POST","user":"6968ff156a7f8fc7d7ba82e7"}
2026-01-21 16:22:43 [ERROR]: ReferenceError: finalPassword is not defined
    at F:\development\backend\controllers\corporate.controller.js:203:15
    at process.processTicksAndRejections (node:internal/process/task_queues:103:5) {"path":"/api/super-admin/coporate/create/corporateLoginID","method":"POST","user":"6968ff156a7f8fc7d7ba82e7"}
2026-01-21 16:23:22 [ERROR]: ValidationError: CorporateUserID validation failed: dob: Path `dob` is required.
    at Document.invalidate (F:\development\backend\node_modules\mongoose\lib\document.js:3379:32)
    at validatePath (F:\development\backend\node_modules\mongoose\lib\document.js:3154:13)
    at process.processTicksAndRejections (node:internal/process/task_queues:103:5)
    at async Promise.all (index 3)
    at async model.$__validate (F:\development\backend\node_modules\mongoose\lib\document.js:3095:3)
    at async model.validate (F:\development\backend\node_modules\mongoose\lib\document.js:2672:5)
    at async model.validateBeforeSave (F:\development\backend\node_modules\mongoose\lib\plugins\validateBeforeSave.js:34:7)
    at async Kareem.execPre (F:\development\backend\node_modules\kareem\index.js:65:24)
    at async model.$__save (F:\development\backend\node_modules\mongoose\lib\model.js:369:5)
    at async model.save (F:\development\backend\node_modules\mongoose\lib\model.js:609:5) {"path":"/api/super-admin/coporate/create/corporateLoginID","method":"POST","user":"6968ff156a7f8fc7d7ba82e7"}
2026-01-21 16:24:17 [ERROR]: TypeError: next is not a function
    at model.<anonymous> (F:\development\backend\models\corporate.UserModel.js:160:12)
    at Kareem.execPre (F:\development\backend\node_modules\kareem\index.js:63:39)
    at process.processTicksAndRejections (node:internal/process/task_queues:103:5)
    at async model.$__save (F:\development\backend\node_modules\mongoose\lib\model.js:369:5)
    at async model.save (F:\development\backend\node_modules\mongoose\lib\model.js:609:5)
    at async F:\development\backend\node_modules\mongoose\lib\model.js:2714:9
    at async Promise.all (index 0)
    at async model.create (F:\development\backend\node_modules\mongoose\lib\model.js:2699:11)
    at async F:\development\backend\controllers\corporate.controller.js:197:16 {"path":"/api/super-admin/coporate/create/corporateLoginID","method":"POST","user":"6968ff156a7f8fc7d7ba82e7"}
2026-01-21 16:27:45 [ERROR]: ReferenceError: finalPassword is not defined
    at F:\development\backend\controllers\corporate.controller.js:214:26
    at process.processTicksAndRejections (node:internal/process/task_queues:103:5) {"path":"/api/super-admin/coporate/create/corporateLoginID","method":"POST","user":"6968ff156a7f8fc7d7ba82e7"}
2026-01-21 16:36:57 [ERROR]: TypeError: next is not a function
    at model.<anonymous> (F:\development\backend\models\corporate.UserModel.js:197:3)
    at async Kareem.execPre (F:\development\backend\node_modules\kareem\index.js:65:24)
    at async model.$__save (F:\development\backend\node_modules\mongoose\lib\model.js:369:5)
    at async model.save (F:\development\backend\node_modules\mongoose\lib\model.js:609:5)
    at async F:\development\backend\node_modules\mongoose\lib\model.js:2714:9
    at async Promise.all (index 0)
    at async model.create (F:\development\backend\node_modules\mongoose\lib\model.js:2699:11)
    at async F:\development\backend\controllers\corporate.controller.js:197:16 {"path":"/api/super-admin/coporate/create/corporateLoginID","method":"POST","user":"6968ff156a7f8fc7d7ba82e7"}
2026-01-21 16:43:57 [ERROR]: TypeError: user.correctPassword is not a function
    at F:\development\backend\controllers\corporateAuth.User.controller.js:64:30
    at process.processTicksAndRejections (node:internal/process/task_queues:103:5) {"path":"/api/corpo/login","method":"POST","user":null}
2026-01-21 16:44:49 [ERROR]: TypeError: next is not a function
    at model.<anonymous> (F:\development\backend\models\corporate.UserModel.js:217:44)
    at Kareem.execPre (F:\development\backend\node_modules\kareem\index.js:63:39)
    at async model.$__save (F:\development\backend\node_modules\mongoose\lib\model.js:369:5)
    at async model.save (F:\development\backend\node_modules\mongoose\lib\model.js:609:5)
    at async F:\development\backend\controllers\corporateAuth.User.controller.js:76:3 {"path":"/api/corpo/login","method":"POST","user":null}
2026-01-21 16:45:21 [ERROR]: ReferenceError: admin is not defined
    at F:\development\backend\controllers\corporateAuth.User.controller.js:80:27
    at process.processTicksAndRejections (node:internal/process/task_queues:103:5) {"path":"/api/corpo/login","method":"POST","user":null}
2026-01-21 16:54:14 [ERROR]: Error: Invalid login credentials
    at F:\development\backend\controllers\corporateAuth.User.controller.js:67:11
    at process.processTicksAndRejections (node:internal/process/task_queues:103:5) {"path":"/api/corpo/login","method":"POST","user":null}
2026-01-21 16:54:17 [ERROR]: Error: Invalid login credentials
    at F:\development\backend\controllers\corporateAuth.User.controller.js:67:11
    at process.processTicksAndRejections (node:internal/process/task_queues:103:5) {"path":"/api/corpo/login","method":"POST","user":null}
2026-01-21 16:54:21 [ERROR]: Error: Invalid login credentials
    at F:\development\backend\controllers\corporateAuth.User.controller.js:67:11
    at process.processTicksAndRejections (node:internal/process/task_queues:103:5) {"path":"/api/corpo/login","method":"POST","user":null}
2026-01-21 16:54:26 [ERROR]: Error: Invalid login credentials
    at F:\development\backend\controllers\corporateAuth.User.controller.js:67:11
    at process.processTicksAndRejections (node:internal/process/task_queues:103:5) {"path":"/api/corpo/login","method":"POST","user":null}
2026-01-21 16:54:30 [ERROR]: Error: Invalid login credentials
    at F:\development\backend\controllers\corporateAuth.User.controller.js:67:11
    at process.processTicksAndRejections (node:internal/process/task_queues:103:5) {"path":"/api/corpo/login","method":"POST","user":null}
2026-01-21 16:54:32 [ERROR]: Error: Account locked due to multiple failed attempts. Try again in 30 minutes.
    at F:\development\backend\controllers\corporateAuth.User.controller.js:57:11
    at process.processTicksAndRejections (node:internal/process/task_queues:103:5) {"path":"/api/corpo/login","method":"POST","user":null}
2026-01-22 15:30:03 [ERROR]: Error: Invalid login credentials
    at F:\development\backend\controllers\corporateAuth.User.controller.js:67:11
    at process.processTicksAndRejections (node:internal/process/task_queues:103:5) {"path":"/api/corpo/login","method":"POST","user":null}
2026-01-22 17:08:50 [ERROR]: Error: Only Corporate Admin or Supervisor can create employees
    at F:\development\backend\controllers\corporate.employe.controller.js:37:11
    at F:\development\backend\utils\asyncHandler.js:3:21
    at Layer.handleRequest (F:\development\backend\node_modules\router\lib\layer.js:152:17)
    at next (F:\development\backend\node_modules\router\lib\route.js:157:13)
    at Route.dispatch (F:\development\backend\node_modules\router\lib\route.js:117:3)
    at handle (F:\development\backend\node_modules\router\index.js:435:11)
    at Layer.handleRequest (F:\development\backend\node_modules\router\lib\layer.js:152:17)
    at F:\development\backend\node_modules\router\index.js:295:15
    at processParams (F:\development\backend\node_modules\router\index.js:582:12)
    at next (F:\development\backend\node_modules\router\index.js:291:5)
    at router.handle (F:\development\backend\node_modules\router\index.js:186:3)
    at router (F:\development\backend\node_modules\router\index.js:60:12)
    at Layer.handleRequest (F:\development\backend\node_modules\router\lib\layer.js:152:17)
    at trimPrefix (F:\development\backend\node_modules\router\index.js:342:13)
    at F:\development\backend\node_modules\router\index.js:297:9
    at processParams (F:\development\backend\node_modules\router\index.js:582:12) {"path":"/api/corpo/employee/create/employee","method":"POST","user":null}
2026-01-22 17:13:22 [ERROR]: Error: Only Corporate Admin or Supervisor can create employees
    at F:\development\backend\controllers\corporate.employeid.controller.js:37:11
    at F:\development\backend\utils\asyncHandler.js:3:21
    at Layer.handleRequest (F:\development\backend\node_modules\router\lib\layer.js:152:17)
    at next (F:\development\backend\node_modules\router\lib\route.js:157:13)
    at Route.dispatch (F:\development\backend\node_modules\router\lib\route.js:117:3)
    at handle (F:\development\backend\node_modules\router\index.js:435:11)
    at Layer.handleRequest (F:\development\backend\node_modules\router\lib\layer.js:152:17)
    at F:\development\backend\node_modules\router\index.js:295:15
    at processParams (F:\development\backend\node_modules\router\index.js:582:12)
    at next (F:\development\backend\node_modules\router\index.js:291:5)
    at router.handle (F:\development\backend\node_modules\router\index.js:186:3)
    at router (F:\development\backend\node_modules\router\index.js:60:12)
    at Layer.handleRequest (F:\development\backend\node_modules\router\lib\layer.js:152:17)
    at trimPrefix (F:\development\backend\node_modules\router\index.js:342:13)
    at F:\development\backend\node_modules\router\index.js:297:9
    at processParams (F:\development\backend\node_modules\router\index.js:582:12) {"path":"/api/corpo/employee/create/employee","method":"POST","user":null}
2026-01-22 17:15:13 [ERROR]: Error: Not authenticated
    at F:\development\backend\middlewares\auth.js:25:11
    at F:\development\backend\utils\asyncHandler.js:3:21
    at Layer.handleRequest (F:\development\backend\node_modules\router\lib\layer.js:152:17)
    at next (F:\development\backend\node_modules\router\lib\route.js:157:13)
    at Route.dispatch (F:\development\backend\node_modules\router\lib\route.js:117:3)
    at handle (F:\development\backend\node_modules\router\index.js:435:11)
    at Layer.handleRequest (F:\development\backend\node_modules\router\lib\layer.js:152:17)
    at F:\development\backend\node_modules\router\index.js:295:15
    at processParams (F:\development\backend\node_modules\router\index.js:582:12)
    at next (F:\development\backend\node_modules\router\index.js:291:5)
    at router.handle (F:\development\backend\node_modules\router\index.js:186:3)
    at router (F:\development\backend\node_modules\router\index.js:60:12)
    at Layer.handleRequest (F:\development\backend\node_modules\router\lib\layer.js:152:17)
    at trimPrefix (F:\development\backend\node_modules\router\index.js:342:13)
    at F:\development\backend\node_modules\router\index.js:297:9
    at processParams (F:\development\backend\node_modules\router\index.js:582:12) {"path":"/api/corpo/employee/create/employee","method":"POST","user":null}
2026-01-22 17:16:58 [ERROR]: Error: Not authenticated
    at F:\development\backend\middlewares\auth.js:25:11
    at F:\development\backend\utils\asyncHandler.js:3:21
    at Layer.handleRequest (F:\development\backend\node_modules\router\lib\layer.js:152:17)
    at next (F:\development\backend\node_modules\router\lib\route.js:157:13)
    at Route.dispatch (F:\development\backend\node_modules\router\lib\route.js:117:3)
    at handle (F:\development\backend\node_modules\router\index.js:435:11)
    at Layer.handleRequest (F:\development\backend\node_modules\router\lib\layer.js:152:17)
    at F:\development\backend\node_modules\router\index.js:295:15
    at processParams (F:\development\backend\node_modules\router\index.js:582:12)
    at next (F:\development\backend\node_modules\router\index.js:291:5)
    at router.handle (F:\development\backend\node_modules\router\index.js:186:3)
    at router (F:\development\backend\node_modules\router\index.js:60:12)
    at Layer.handleRequest (F:\development\backend\node_modules\router\lib\layer.js:152:17)
    at trimPrefix (F:\development\backend\node_modules\router\index.js:342:13)
    at F:\development\backend\node_modules\router\index.js:297:9
    at processParams (F:\development\backend\node_modules\router\index.js:582:12) {"path":"/api/corpo/employee/create/employee","method":"POST","user":null}
2026-01-22 17:17:21 [ERROR]: Error: User no longer exists
    at F:\development\backend\middlewares\auth.js:34:11
    at process.processTicksAndRejections (node:internal/process/task_queues:103:5) {"path":"/api/corpo/employee/create/employee","method":"POST","user":null}
2026-01-22 17:41:51 [ERROR]: Error: Corporate login required
    at F:\development\backend\middlewares\corporate.Auth.js:10:11
    at F:\development\backend\utils\asyncHandler.js:3:21
    at Layer.handleRequest (F:\development\backend\node_modules\router\lib\layer.js:152:17)
    at next (F:\development\backend\node_modules\router\lib\route.js:157:13)
    at Route.dispatch (F:\development\backend\node_modules\router\lib\route.js:117:3)
    at handle (F:\development\backend\node_modules\router\index.js:435:11)
    at Layer.handleRequest (F:\development\backend\node_modules\router\lib\layer.js:152:17)
    at F:\development\backend\node_modules\router\index.js:295:15
    at processParams (F:\development\backend\node_modules\router\index.js:582:12)
    at next (F:\development\backend\node_modules\router\index.js:291:5)
    at router.handle (F:\development\backend\node_modules\router\index.js:186:3)
    at router (F:\development\backend\node_modules\router\index.js:60:12)
    at Layer.handleRequest (F:\development\backend\node_modules\router\lib\layer.js:152:17)
    at trimPrefix (F:\development\backend\node_modules\router\index.js:342:13)
    at F:\development\backend\node_modules\router\index.js:297:9
    at processParams (F:\development\backend\node_modules\router\index.js:582:12) {"path":"/api/corpo/employee/create/employee","method":"POST","user":null}
2026-01-22 17:42:53 [ERROR]: Error: Corporate account inactive or not found
    at F:\development\backend\middlewares\corporate.Auth.js:30:11
    at process.processTicksAndRejections (node:internal/process/task_queues:103:5) {"path":"/api/corpo/employee/create/employee","method":"POST","user":null}
2026-01-22 17:49:29 [ERROR]: Error: Corporate account inactive or not found
    at F:\development\backend\middlewares\corporate.Auth.js:44:11
    at process.processTicksAndRejections (node:internal/process/task_queues:103:5) {"path":"/api/corpo/employee/create/employee","method":"POST","user":null}
2026-01-22 17:50:16 [ERROR]: TypeError: Cannot read properties of null (reading '_id')
    at F:\development\backend\middlewares\corporate.Auth.js:52:14
    at process.processTicksAndRejections (node:internal/process/task_queues:103:5) {"path":"/api/corpo/employee/create/employee","method":"POST","user":null}
